\BOOKMARK [1][-]{table.caption.1}{\376\377\004\022\004\022\004\025\004\024\004\025\004\035\004\030\004\025}{}% 1
\BOOKMARK [1][-]{section.1}{\376\377\004\036\004\077\004\100\004\065\004\064\004\065\004\073\004\065\004\075\004\070\004\065\000\040\004\076\004\061\004\111\004\065\004\071\000\040\004\101\004\102\004\100\004\103\004\072\004\102\004\103\004\100\004\113\000\040\004\100\004\060\004\064\004\070\004\076\004\062\004\113\004\101\004\076\004\102\004\076\004\074\004\065\004\100\004\060}{}% 2
\BOOKMARK [2][-]{subsection.1.1}{\376\377\004\036\004\077\004\100\004\065\004\064\004\065\004\073\004\065\004\075\004\070\004\065\000\040\004\104\004\103\004\075\004\072\004\106\004\070\004\076\004\075\004\060\004\073\004\114\004\075\004\076\004\071\000\040\004\101\004\105\004\065\004\074\004\113}{section.1}% 3
\BOOKMARK [2][-]{subsection.1.2}{\376\377\004\036\004\077\004\100\004\065\004\064\004\065\004\073\004\065\004\075\004\070\004\065\000\040\004\072\004\076\004\115\004\104\004\104\004\070\004\106\004\070\004\065\004\075\004\102\004\060\000\040\004\067\004\060\004\102\004\103\004\105\004\060\004\075\004\070\004\117\000\040\004\067\004\076\004\075\004\064\004\070\004\100\004\103\004\116\004\111\004\065\004\063\004\076\000\040\004\070\004\077\004\103\004\073\004\114\004\101\004\060}{section.1}% 4
\BOOKMARK [2][-]{subsection.1.3}{\376\377\004\036\004\077\004\100\004\065\004\064\004\065\004\073\004\065\004\075\004\070\004\065\000\040\004\062\004\100\004\065\004\074\004\065\004\075\004\075\004\113\004\105\000\040\004\105\004\060\004\100\004\060\004\072\004\102\004\065\004\100\004\070\004\101\004\102\004\070\004\072\000\040\004\067\004\076\004\075\004\064\004\070\004\100\004\103\004\116\004\111\004\065\004\063\004\076\000\040\004\070\004\074\004\077\004\103\004\073\004\114\004\101\004\060}{section.1}% 5
\BOOKMARK [1][-]{section.2}{\376\377\004\040\004\060\004\101\004\107\004\121\004\102\000\040\004\074\004\076\004\064\004\103\004\073\004\117\000\040\004\077\004\100\004\070\004\121\004\074\004\075\004\070\004\072\004\060}{}% 6
\BOOKMARK [2][-]{subsection.2.1}{\376\377\004\022\004\113\004\061\004\076\004\100\000\040\004\101\004\105\004\065\004\074\004\113\000\040\004\077\004\100\004\070\004\121\004\074\004\075\004\070\004\072\004\060}{section.2}% 7
\BOOKMARK [2][-]{subsection.2.2}{\376\377\004\040\004\060\004\101\004\107\004\121\004\102\000\040\004\077\004\100\004\065\004\076\004\061\004\100\004\060\004\067\004\076\004\062\004\060\004\102\004\065\004\073\004\117\000\040\004\107\004\060\004\101\004\102\004\076\004\102\004\113}{section.2}% 8
\BOOKMARK [3][-]{subsubsection.2.2.1}{\376\377\004\022\004\113\004\061\004\076\004\100\000\040\004\101\004\074\004\065\004\101\004\070\004\102\004\065\004\073\004\114\004\075\004\076\004\063\004\076\000\040\004\115\004\073\004\065\004\074\004\065\004\075\004\102\004\060}{subsection.2.2}% 9
\BOOKMARK [3][-]{subsubsection.2.2.2}{\376\377\004\022\004\113\004\061\004\076\004\100\000\040\004\063\004\065\004\102\004\065\004\100\004\076\004\064\004\070\004\075\004\060}{subsection.2.2}% 10
\BOOKMARK [3][-]{subsubsection.2.2.3}{\376\377\004\022\004\113\004\061\004\076\004\100\000\040\004\103\004\101\004\070\004\073\004\070\004\102\004\065\004\073\004\117\000\040\004\062\000\040\004\106\004\065\004\077\004\070\000\040\004\063\004\065\004\102\004\065\004\100\004\076\004\064\004\070\004\075\004\060}{subsection.2.2}% 11
\BOOKMARK [3][-]{subsubsection.2.2.4}{\376\377\004\041\004\076\004\063\004\073\004\060\004\101\004\076\004\062\004\060\004\075\004\070\004\065\000\040\004\106\004\065\004\077\004\065\004\071\000\040\004\063\004\065\004\102\004\065\004\100\004\076\004\064\004\070\004\075\004\060}{subsection.2.2}% 12
\BOOKMARK [2][-]{subsection.2.3}{\376\377\004\040\004\060\004\101\004\107\004\121\004\102\000\040\004\034\004\050\004\043}{section.2}% 13
\BOOKMARK [3][-]{subsubsection.2.3.1}{\376\377\004\022\004\113\004\061\004\076\004\100\000\040\004\103\004\101\004\070\004\073\004\070\004\102\004\065\004\073\004\114\004\075\004\076\004\063\004\076\000\040\004\115\004\073\004\065\004\074\004\065\004\075\004\102\004\060}{subsection.2.3}% 14
\BOOKMARK [3][-]{subsubsection.2.3.2}{\376\377\004\055\004\101\004\072\004\070\004\067\004\075\004\113\004\071\000\040\004\100\004\060\004\101\004\107\004\121\004\102\000\040\004\107\004\103\004\062\004\101\004\102\004\062\004\070\004\102\004\065\004\073\004\114\004\075\004\076\004\101\004\102\004\070\000\040\004\077\004\100\004\070\004\121\004\074\004\075\004\070\004\072\004\060}{subsection.2.3}% 15
\BOOKMARK [3][-]{subsubsection.2.3.3}{\376\377\004\041\004\076\004\063\004\073\004\060\004\101\004\076\004\062\004\060\004\075\004\070\004\065\000\040\004\101\000\040\004\060\004\075\004\102\004\065\004\075\004\075\004\076\000-\004\104\004\070\004\064\004\065\004\100\004\075\004\113\004\074\000\040\004\102\004\100\004\060\004\072\004\102\004\076\004\074}{subsection.2.3}% 16
\BOOKMARK [3][-]{subsubsection.2.3.4}{\376\377\004\034\004\065\004\066\004\072\004\060\004\101\004\072\004\060\004\064\004\075\004\076\004\065\000\040\004\101\004\076\004\063\004\073\004\060\004\101\004\076\004\062\004\060\004\075\004\070\004\065}{subsection.2.3}% 17
\BOOKMARK [3][-]{subsubsection.2.3.5}{\376\377\004\041\004\076\004\063\004\073\004\060\004\101\004\076\004\062\004\060\004\075\004\070\004\065\000\040\004\101\000\040\004\077\004\100\004\065\004\076\004\061\004\100\004\060\004\067\004\076\004\062\004\060\004\102\004\065\004\073\004\065\004\074\000\040\004\107\004\060\004\101\004\102\004\076\004\102\004\113}{subsection.2.3}% 18
\BOOKMARK [2][-]{subsection.2.4}{\376\377\004\040\004\060\004\101\004\107\004\121\004\102\000\040\004\106\004\065\004\077\004\065\004\071\000\040\004\037\004\047}{section.2}% 19
\BOOKMARK [3][-]{subsubsection.2.4.1}{\376\377\004\022\004\113\004\061\004\076\004\100\000\040\004\020\004\046\004\037}{subsection.2.4}% 20
\BOOKMARK [3][-]{subsubsection.2.4.2}{\376\377\004\022\004\113\004\061\004\076\004\100\000\040\004\103\004\101\004\070\004\073\004\070\004\102\004\065\004\073\004\114\004\075\004\113\004\105\000\040\004\115\004\073\004\065\004\074\004\065\004\075\004\102\004\076\004\062}{subsection.2.4}% 21
\BOOKMARK [3][-]{subsubsection.2.4.3}{\376\377\004\040\004\060\004\101\004\107\004\121\004\102\000\040\004\060\004\075\004\102\004\070\004\060\004\073\004\070\004\101\004\070\004\075\004\063\004\076\004\062\004\076\004\063\004\076\000\040\004\044\004\035\004\047}{subsection.2.4}% 22
\BOOKMARK [2][-]{subsection.2.5}{\376\377\004\036\004\077\004\100\004\065\004\064\004\065\004\073\004\065\004\075\004\070\004\065\000\040\004\077\004\076\004\102\004\100\004\065\004\061\004\073\004\117\004\065\004\074\004\113\004\105\000\040\004\074\004\076\004\111\004\075\004\076\004\101\004\102\004\065\004\071}{section.2}% 23
\BOOKMARK [1][-]{table.caption.37}{\376\377\004\027\004\020\004\032\004\033\004\056\004\047\004\025\004\035\004\030\004\025}{}% 24
\BOOKMARK [1][-]{table.caption.37}{\376\377\004\041\004\037\004\030\004\041\004\036\004\032\000\040\004\030\004\041\004\037\004\036\004\033\004\054\004\027\004\036\004\022\004\020\004\035\004\035\004\053\004\045\000\040\004\030\004\041\004\042\004\036\004\047\004\035\004\030\004\032\004\036\004\022}{}% 25
\BOOKMARK [1][-]{section.1}{\376\377\004\042\004\065\004\105\004\075\004\070\004\107\004\065\004\101\004\072\004\076\004\065\000\040\004\067\004\060\004\064\004\060\004\075\004\070\004\065}{}% 26
\BOOKMARK [1][-]{section.2}{\376\377\004\044\004\103\004\075\004\072\004\106\004\070\004\076\004\075\004\060\004\073\004\114\004\075\004\060\004\117\000\040\004\101\004\105\004\065\004\074\004\060\000\040\004\100\004\060\004\064\004\070\004\076\004\062\004\113\004\101\004\076\004\102\004\076\004\074\004\065\004\100\004\060}{}% 27
\BOOKMARK [1][-]{section.3}{\376\377\000S\000-\004\077\004\060\004\100\004\060\004\074\004\065\004\102\004\100\004\113\000\040\004\106\004\065\004\077\004\065\004\071\000\040\004\101\004\076\004\063\004\073\004\060\004\101\004\076\004\062\004\060\004\075\004\070\004\117\000\040\004\077\004\100\004\070\004\121\004\074\004\075\004\070\004\072\004\060}{}% 28
\BOOKMARK [1][-]{section.4}{\376\377\004\041\004\105\004\065\004\074\004\113\000\040\004\074\004\076\004\064\004\103\004\073\004\117\000\040\004\077\004\100\004\070\004\121\004\074\004\075\004\070\004\072\004\060}{}% 29
